2026-04-01 19:32:47.182 [info] [main] Log level: Info
2026-04-01 19:32:47.182 [info] [main] Validating found git in: "git"
2026-04-01 19:32:47.182 [info] [main] Using git "2.53.0" from "git"
2026-04-01 19:32:47.182 [info] [Model][doInitialScan] Initial repository scan started
2026-04-01 19:32:47.182 [info] [Model][doInitialScan] Initial repository scan completed - repositories (0), closed repositories (0), parent repositories (0), unsafe repositories (0)
2026-04-01 19:32:48.699 [info] > git rev-parse --show-toplevel [2ms]
2026-04-01 19:32:48.699 [info] fatal: not a git repository (or any of the parent directories): .git
2026-04-01 19:32:48.997 [info] > git rev-parse --show-toplevel [3ms]
2026-04-01 19:32:49.005 [info] > git rev-parse --git-dir --git-common-dir --show-superproject-working-tree [3ms]
2026-04-01 19:32:50.230 [info] [Model][openRepository] Opened repository (path): /home/egt
2026-04-01 19:32:50.230 [info] [Model][openRepository] Opened repository (real path): /home/egt
2026-04-01 19:32:50.230 [info] [Model][openRepository] Opened repository (kind): repository
2026-04-01 19:32:50.242 [info] > git config --get commit.template [3ms]
2026-04-01 19:32:50.249 [info] > git for-each-ref --format=%(refname)%00%(upstream:short)%00%(objectname)%00%(upstream:track)%00%(upstream:remotename)%00%(upstream:remoteref) refs/heads/main refs/remotes/main [2ms]
2026-04-01 19:32:50.264 [info] > git for-each-ref --sort -committerdate --format %(refname)%00%(objectname)%00%(*objectname) [3ms]
2026-04-01 19:32:50.770 [info] > git check-ignore -v -z --stdin [2ms]
2026-04-01 19:32:52.563 [info] > git status -z -uall [2307ms] (cancelled)
2026-04-01 19:32:52.567 [info] > git for-each-ref --format=%(refname)%00%(upstream:short)%00%(objectname)%00%(upstream:track)%00%(upstream:remotename)%00%(upstream:remoteref) refs/heads/main refs/remotes/main [6ms]
2026-04-01 19:32:52.571 [info] > git config --get commit.template [5ms]
2026-04-01 19:32:52.572 [info] > git config --get --local branch.main.vscode-merge-base [1ms]
2026-04-01 19:32:52.572 [warning] [Git][config] git config failed: Failed to execute git
2026-04-01 19:32:52.577 [info] > git reflog main --grep-reflog=branch: Created from *. [3ms]
2026-04-01 19:32:52.580 [info] > git for-each-ref --format=%(refname)%00%(upstream:short)%00%(objectname)%00%(upstream:track)%00%(upstream:remotename)%00%(upstream:remoteref) refs/heads/main refs/remotes/main [3ms]
2026-04-01 19:32:53.054 [info] > git status -z -uall [471ms] (cancelled)
2026-04-01 19:32:53.054 [info] > git for-each-ref --sort -committerdate --format %(refname)%00%(objectname)%00%(*objectname) [470ms]
2026-04-01 19:32:53.055 [info] > git symbolic-ref --short refs/remotes/origin/HEAD [475ms]
2026-04-01 19:32:53.055 [info] fatal: ref refs/remotes/origin/HEAD is not a symbolic ref
2026-04-01 19:32:53.055 [warning] [Repository][getDefaultBranch] Failed to get default branch details: Failed to execute git.
2026-04-01 19:32:53.105 [info] > git merge-base refs/heads/main refs/remotes/origin/main [1ms]
2026-04-01 19:32:53.108 [info] > git merge-base refs/heads/main refs/remotes/origin/main [52ms]
2026-04-01 19:32:53.109 [info] > git diff --raw --numstat --diff-filter=ADMR -z --find-renames=50% f0b059c7b6b2351567e88786e5c5103fb76abb22...refs/remotes/origin/main -- [1ms]
2026-04-01 19:32:53.110 [info] > git diff --raw --numstat --diff-filter=ADMR -z --find-renames=50% f0b059c7b6b2351567e88786e5c5103fb76abb22...refs/remotes/origin/main -- [1ms]
