2026-04-01 19:50:00.256 [info] [main] Log level: Info
2026-04-01 19:50:00.256 [info] [main] Validating found git in: "git"
2026-04-01 19:50:00.256 [info] [main] Using git "2.53.0" from "git"
2026-04-01 19:50:00.256 [info] [Model][doInitialScan] Initial repository scan started
2026-04-01 19:50:00.256 [info] > git rev-parse --show-toplevel [2ms]
2026-04-01 19:50:00.256 [info] > git rev-parse --git-dir --git-common-dir --show-superproject-working-tree [3ms]
2026-04-01 19:50:00.256 [info] [Model][openRepository] Opened repository (path): /home/egt
2026-04-01 19:50:00.256 [info] [Model][openRepository] Opened repository (real path): /home/egt
2026-04-01 19:50:00.256 [info] [Model][openRepository] Opened repository (kind): repository
2026-04-01 19:50:00.256 [info] [Model][doInitialScan] Initial repository scan completed - repositories (1), closed repositories (0), parent repositories (0), unsafe repositories (0)
2026-04-01 19:50:00.256 [info] > git config --get commit.template [13ms]
2026-04-01 19:50:00.257 [info] > git for-each-ref --format=%(refname)%00%(upstream:short)%00%(objectname)%00%(upstream:track)%00%(upstream:remotename)%00%(upstream:remoteref) refs/heads/main refs/remotes/main [1ms]
2026-04-01 19:50:00.264 [info] > git for-each-ref --sort -committerdate --format %(refname)%00%(objectname)%00%(*objectname) [1ms]
2026-04-01 19:50:00.719 [info] > git status -z -uall [458ms] (cancelled)
2026-04-01 19:50:00.720 [info] > git for-each-ref --format=%(refname)%00%(upstream:short)%00%(objectname)%00%(upstream:track)%00%(upstream:remotename)%00%(upstream:remoteref) refs/heads/main refs/remotes/main [2ms]
2026-04-01 19:50:00.724 [info] > git config --get --local branch.main.vscode-merge-base [1ms]
2026-04-01 19:50:00.725 [warning] [Git][config] git config failed: Failed to execute git
2026-04-01 19:50:00.727 [info] > git config --get commit.template [7ms]
2026-04-01 19:50:00.728 [info] > git reflog main --grep-reflog=branch: Created from *. [2ms]
2026-04-01 19:50:00.730 [info] > git for-each-ref --format=%(refname)%00%(upstream:short)%00%(objectname)%00%(upstream:track)%00%(upstream:remotename)%00%(upstream:remoteref) refs/heads/main refs/remotes/main [2ms]
2026-04-01 19:50:00.730 [info] > git symbolic-ref --short refs/remotes/origin/HEAD [0ms]
2026-04-01 19:50:00.730 [info] fatal: ref refs/remotes/origin/HEAD is not a symbolic ref
2026-04-01 19:50:00.730 [warning] [Repository][getDefaultBranch] Failed to get default branch details: Failed to execute git.
2026-04-01 19:50:00.737 [info] > git merge-base refs/heads/main refs/remotes/origin/main [6ms]
2026-04-01 19:50:00.740 [info] > git for-each-ref --sort -committerdate --format %(refname)%00%(objectname)%00%(*objectname) [4ms]
2026-04-01 19:50:00.743 [info] > git diff --raw --numstat --diff-filter=ADMR -z --find-renames=50% f0b059c7b6b2351567e88786e5c5103fb76abb22...refs/remotes/origin/main -- [4ms]
2026-04-01 19:50:00.743 [info] > git check-ignore -v -z --stdin [1ms]
2026-04-01 19:50:01.291 [info] > git status -z -uall [558ms] (cancelled)
